Unable to capture context for thread 2016 in process 12344, can not generate back trace
Exception at PC 0x00007FFE8838BB93
Printing stacktrace...

Unable to capture context for thread 2016 in process 12344, can not generate back trace
Exception at PC 0x00007FFF36744F99
Exception at PC 0x00007FFF36744F99
Exception at PC 0x00007FFF36744F99
Exception at PC 0x00007FFF36744F99
Exception at PC 0x00007FFF36744F99
Exception at PC 0x00007FFF36744F99
Exception at PC 0x00007FFF36744F99
Exception at PC 0x00007FFF36744F99
Exception at PC 0x00007FFF36744F99
Exception at PC 0x00007FFF36744F99
Exception at PC 0x00007FFF36744F99
Exception at PC 0x00007FFF36744F99
Exception at PC 0x00007FFF36744F99
Exception at PC 0x00007FFF36744F99
Exception at PC 0x00007FFF36744F99
Exception at PC 0x00007FFF36744F99
Exception at PC 0x00007FFF36744F99
Exception at PC 0x00007FFF36744F99
Exception at PC 0x00007FFF36744F99
Exception at PC 0x00007FFF36744F99
[0]  [0x00007FFE8838BB93]
[1]  [0x00007FFE8838BB93]
[2]  [0x00007FFE8838B4A1]
[3]  [0x00007FFE8838B3EF]
[4]  [0x00007FFE883719FE]
[5]  [0x00007FFE88370ED1]
[6]  [0x00007FFE88370D76]
[7]  [0x00007FFE883179F6]
[8]  [0x00007FFE88307AFB]
[9]  [0x00007FFE8842E90A]
[10]  [0x00007FFE88449F87]
[11]  [0x00007FFE8844A05F]
[12] (BaseThreadInitThunk+0x14) [0x00007FFF37887034]
[13] (RtlUserThreadStart+0x21) [0x00007FFF38D22651]
Done
